[01:14:13.236][info] [#0:/home/umbragloom/.local/share/nvim/mason/packages/lua-language-server/extension/server/main.lua:66]: Lua Lsp startup, root: 	/home/umbragloom/.local/share/nvim/mason/packages/lua-language-server/extension/server
[01:14:13.236][info] [#0:/home/umbragloom/.local/share/nvim/mason/packages/lua-language-server/extension/server/main.lua:67]: ROOT:	/home/umbragloom/.local/share/nvim/mason/packages/lua-language-server/extension/server
[01:14:13.236][info] [#0:/home/umbragloom/.local/share/nvim/mason/packages/lua-language-server/extension/server/main.lua:68]: LOGPATH:	/home/umbragloom/.local/share/nvim/mason/packages/lua-language-server/extension/server/log
[01:14:13.236][info] [#0:/home/umbragloom/.local/share/nvim/mason/packages/lua-language-server/extension/server/main.lua:69]: METAPATH:	/home/umbragloom/.local/share/nvim/mason/packages/lua-language-server/extension/server/meta
[01:14:13.236][info] [#0:/home/umbragloom/.local/share/nvim/mason/packages/lua-language-server/extension/server/main.lua:70]: VERSION:	3.6.4-dev
[01:14:13.260][info] [#0:script/service/service.lua:141]: 
========= Medical Examination Report =========
    --------------- Memory ---------------
        Total: 1.563 MB
        # 00 : 1.563 MB
        # 01 : 0.000 MB
        # 02 : 0.000 MB
        # 03 : 0.000 MB
        # 04 : 0.000 MB
    --------------- Coroutine ---------------
        Total:     0
        Running:   0
        Suspended: 0
        Normal:    0
        Dead:      0
    --------------- Cache ---------------
        Total: 1
        Dead:  0
    ---------------  RPC  ---------------
        Holdon:   0
        Waiting:  0
==============================================
[01:14:13.265][info] [#0:script/language.lua:137]: VSC language: nil
[01:14:13.265][info] [#0:script/language.lua:138]: LS  language: en-us
[01:14:13.265][info] [#0:script/workspace/workspace.lua:38]: Workspace init root: 	file:///home/umbragloom/.config/nvim/lua/
[01:14:13.265][info] [#0:script/workspace/workspace.lua:42]: Log path: 	/home/umbragloom/.local/share/nvim/mason/packages/lua-language-server/extension/server/log/file_home_umbragloom_.config_nvim_lua_.log
[01:14:13.265][info] [#0:script/workspace/workspace.lua:51]: Workspace create: 	file:///home/umbragloom/.config/nvim/lua/
[01:14:13.370][info] [#0:script/provider/provider.lua:41]: Load config from client	file:///home/umbragloom/.config/nvim/lua/
[01:14:13.370][info] [#0:script/provider/provider.lua:42]: {
  Lua = {
    telemetry = {
      enable = false
    }
  }
}
[01:14:13.370][info] [#0:script/provider/provider.lua:41]: Load config from client	file:///home/umbragloom/.config/nvim/lua/
[01:14:13.371][info] [#0:script/provider/provider.lua:42]: {
  Lua = {
    telemetry = {
      enable = false
    }
  }
}
[01:14:13.371][info] [#0:script/provider/provider.lua:41]: Load config from client	file:///home/umbragloom/.config/nvim/lua/
[01:14:13.371][info] [#0:script/provider/provider.lua:42]: {
  Lua = {
    telemetry = {
      enable = false
    }
  }
}
[01:14:13.372][info] [#0:script/provider/provider.lua:56]: Load config from client	fallback
[01:14:13.372][info] [#0:script/provider/provider.lua:57]: {
  Lua = {
    telemetry = {
      enable = false
    }
  }
}
[01:14:13.372][info] [#0:script/library.lua:209]: Init builtin library at:	file:///home/umbragloom/.config/nvim/lua/
[01:14:13.455][info] [#0:script/plugin.lua:86]: plugin path:	/home/umbragloom/.config/nvim/lua
[01:14:13.455][warn] [#0:script/plugin.lua:101]: plugin not found:	/home/umbragloom/.config/nvim/lua
[01:14:13.455][info] [#0:script/library.lua:209]: Init builtin library at:	nil
[01:14:13.475][info] [#0:script/provider/provider.lua:56]: Load config from client	fallback
[01:14:13.475][info] [#0:script/provider/provider.lua:57]: {
  Lua = {
    telemetry = {
      enable = false
    }
  }
}
[01:14:13.475][info] [#0:script/provider/provider.lua:56]: Load config from client	fallback
[01:14:13.475][info] [#0:script/provider/provider.lua:57]: {
  Lua = {
    telemetry = {
      enable = false
    }
  }
}
[01:14:13.475][info] [#0:script/workspace/workspace.lua:304]: Preload start:	file:///home/umbragloom/.config/nvim/lua/
[01:14:13.476][info] [#0:script/workspace/workspace.lua:310]: Scan files at:	file:///home/umbragloom/.config/nvim/lua/
[01:14:13.477][info] [#0:script/workspace/workspace.lua:304]: Preload start:	<fallback>
[01:14:13.477][info] [#0:script/workspace/workspace.lua:327]: Scan library at:	file:///home/umbragloom/.local/share/nvim/mason/packages/lua-language-server/extension/server/meta/Lua%205.4%20en-us%20utf8
[01:14:13.479][info] [#0:script/workspace/workspace.lua:327]: Scan library at:	file:///home/umbragloom/.local/share/nvim/mason/packages/lua-language-server/extension/server/meta/Lua%205.4%20en-us%20utf8
[01:14:13.580][info] [#0:script/workspace/workspace.lua:347]: Found 11 files at:	<fallback>
[01:14:13.580][info] [#0:script/workspace/loading.lua:157]: Load files from disk:	<fallback>
[01:14:13.580][info] [#0:script/workspace/workspace.lua:347]: Found 32 files at:	file:///home/umbragloom/.config/nvim/lua/
[01:14:13.580][info] [#0:script/workspace/loading.lua:157]: Load files from disk:	file:///home/umbragloom/.config/nvim/lua/
[01:14:13.767][info] [#0:script/workspace/loading.lua:169]: Loaded files takes [0.097] sec: <fallback>
[01:14:13.767][info] [#0:script/workspace/loading.lua:178]: Compile files takes [0.000] sec: <fallback>
[01:14:13.767][info] [#0:script/workspace/loading.lua:179]: Loaded finish:	<fallback>
[01:14:13.768][info] [#0:script/workspace/workspace.lua:349]: Preload finish at:	<fallback>
[01:14:13.803][warn] [#0:script/proto/proto.lua:122]: Response of [workspace/diagnostic/refresh] error [-32601]: MethodNotFound
[01:14:13.904][info] [#0:script/workspace/loading.lua:169]: Loaded files takes [0.134] sec: file:///home/umbragloom/.config/nvim/lua/
[01:14:13.904][info] [#0:script/workspace/loading.lua:178]: Compile files takes [0.000] sec: file:///home/umbragloom/.config/nvim/lua/
[01:14:13.904][info] [#0:script/workspace/loading.lua:179]: Loaded finish:	file:///home/umbragloom/.config/nvim/lua/
[01:14:13.905][info] [#0:script/workspace/workspace.lua:349]: Preload finish at:	file:///home/umbragloom/.config/nvim/lua/
[01:14:13.938][info] [#0:script/provider/diagnostic.lua:552]: Diagnostics scope [file:///home/umbragloom/.config/nvim/lua/], files count:[32]
[01:14:13.938][warn] [#0:script/proto/proto.lua:122]: Response of [workspace/diagnostic/refresh] error [-32601]: MethodNotFound
[01:14:14.028][info] [#0:script/provider/diagnostic.lua:569]: Diagnostics scope [file:///home/umbragloom/.config/nvim/lua/] finished, takes [0.091] sec.
[01:14:17.970][info] [#0:script/provider/provider.lua:170]: Server shutdown.
[01:14:17.970][warn] [#0:script/pub/report.lua:25]: Load proto error:	Disconnected!
